2023-08-28 23:08:19,481.numeric_weather_series.INFO ==================================================
2023-08-28 23:08:19,482.numeric_weather_series.INFO Today is 2023-08-28 at 11:08 PM
2023-08-28 23:08:19,482.numeric_weather_series.INFO Running on: nt Windows 10
2023-08-28 23:08:19,483.numeric_weather_series.INFO Python version:  3.11.4
2023-08-28 23:08:19,485.numeric_weather_series.INFO Python path: C:\Users\nnarne\AppData\Local\Programs\Python\Python311
2023-08-28 23:08:19,486.numeric_weather_series.INFO Working dir: C:\Users\nnarne\Documents\datafun-02-functions
2023-08-28 23:08:19,488.numeric_weather_series.INFO ==================================================
2023-08-28 23:08:19,489.numeric_weather_series.INFO Created: NumericWeatherSeries with name=Monday Temperatures, units=F, location=Maryville MO, and 5 data points: [55.8, 63.4, 72.4, 78, 76.3]
2023-08-28 23:08:19,492.numeric_weather_series.INFO Created: NumericWeatherSeries with name=Tuesday Temperatures, units=F, location=Maryville MO, and 7 data points: [66.2, 67.2, 55.8, 63.4, 72.4, 73.1, 76.3]
2023-08-28 23:08:19,493.numeric_weather_series.INFO Created: NumericWeatherSeries with name=Wednesday Temperatures, units=F, location=Maryville MO, and 13 data points: [66, 67, 68, 69, 70, 71, 72, 73, 74, 75, 76, 77, 78]
2023-08-28 23:08:19,494.numeric_weather_series.INFO NumericWeatherSeries with name=Monday Temperatures, units=F, location=Maryville MO, and 5 data points: [55.8, 63.4, 72.4, 78, 76.3]
2023-08-28 23:08:19,495.numeric_weather_series.INFO Count: 5
2023-08-28 23:08:19,495.numeric_weather_series.INFO Sum: 345.90000000000003
2023-08-28 23:08:19,495.numeric_weather_series.INFO Mean: 69.18
2023-08-28 23:08:19,496.numeric_weather_series.INFO Median: 72.4
2023-08-28 23:08:19,496.numeric_weather_series.INFO ------------------
2023-08-28 23:08:19,496.numeric_weather_series.INFO NumericWeatherSeries with name=Tuesday Temperatures, units=F, location=Maryville MO, and 7 data points: [66.2, 67.2, 55.8, 63.4, 72.4, 73.1, 76.3]
2023-08-28 23:08:19,497.numeric_weather_series.INFO Count: 7
2023-08-28 23:08:19,497.numeric_weather_series.INFO Sum: 474.40000000000003
2023-08-28 23:08:19,497.numeric_weather_series.INFO Mean: 67.77142857142857
2023-08-28 23:08:19,498.numeric_weather_series.INFO Median: 67.2
2023-08-28 23:08:19,499.numeric_weather_series.INFO ------------------
2023-08-28 23:08:19,499.numeric_weather_series.INFO NumericWeatherSeries with name=Wednesday Temperatures, units=F, location=Maryville MO, and 13 data points: [66, 67, 68, 69, 70, 71, 72, 73, 74, 75, 76, 77, 78]
2023-08-28 23:08:19,501.numeric_weather_series.INFO Count: 13
2023-08-28 23:08:19,501.numeric_weather_series.INFO Sum: 936
2023-08-28 23:08:19,501.numeric_weather_series.INFO Mean: 72.0
2023-08-28 23:08:19,502.numeric_weather_series.INFO Median: 72
2023-08-28 23:08:19,502.numeric_weather_series.INFO ------------------
