2023-08-28 23:27:28,670.xtra_p2.INFO ==================================================
2023-08-28 23:27:28,670.xtra_p2.INFO Today is 2023-08-28 at 11:27 PM
2023-08-28 23:27:28,701.xtra_p2.INFO Running on: nt Windows 10
2023-08-28 23:27:28,702.xtra_p2.INFO Python version:  3.11.4
2023-08-28 23:27:28,702.xtra_p2.INFO Python path: C:\Users\nnarne\AppData\Local\Programs\Python\Python311
2023-08-28 23:27:28,703.xtra_p2.INFO Working dir: C:\Users\nnarne\Documents\datafun-02-functions
2023-08-28 23:27:28,703.xtra_p2.INFO ==================================================
2023-08-28 23:27:28,703.xtra_p2.INFO CALLING transform_using_keyword_args_with_default_values(input=bearcat, reverse=False)
2023-08-28 23:27:28,703.xtra_p2.INFO RETURNING bea
2023-08-28 23:27:28,703.xtra_p2.INFO CALLING transform_using_keyword_args_with_default_values(input=bearcat, reverse=True)
2023-08-28 23:27:28,704.xtra_p2.INFO RETURNING aeb
2023-08-28 23:27:28,704.xtra_p2.INFO CALLING transform_using_keyword_args_with_default_values(input=hello, reverse=True)
2023-08-28 23:27:28,704.xtra_p2.INFO RETURNING leh
2023-08-28 23:27:28,704.xtra_p2.INFO ===========================================================
2023-08-28 23:27:28,705.xtra_p2.INFO Running doctest.testmod() function to unit test our code
2023-08-28 23:27:28,705.xtra_p2.INFO ===========================================================
2023-08-28 23:27:28,707.xtra_p2.INFO CALLING sum_two(1,2)
2023-08-28 23:27:28,708.xtra_p2.INFO RETURNING 3
2023-08-28 23:27:28,710.xtra_p2.INFO CALLING sum_two(hello, world)
2023-08-28 23:27:28,711.xtra_p2.INFO RETURNING hello world
2023-08-28 23:27:28,711.xtra_p2.INFO CALLING sum_rectangle_list([1, 1, 3, 3])
2023-08-28 23:27:28,711.xtra_p2.INFO RETURNING 8
2023-08-28 23:27:28,711.xtra_p2.INFO CALLING transform_using_keyword_args_with_default_values(input=bearcat, reverse=False)
2023-08-28 23:27:28,711.xtra_p2.INFO RETURNING bea
2023-08-28 23:27:28,712.xtra_p2.INFO CALLING transform_using_keyword_args_with_default_values(input=bearcat, reverse=True)
2023-08-28 23:27:28,712.xtra_p2.INFO RETURNING aeb
2023-08-28 23:27:28,712.xtra_p2.INFO CALLING transform_using_keyword_args_with_default_values(input=hello, reverse=True)
2023-08-28 23:27:28,712.xtra_p2.INFO RETURNING leh
2023-08-28 23:27:28,713.xtra_p2.INFO CALLING sum_any_using_args((1, 1, 1, 2))
2023-08-28 23:27:28,713.xtra_p2.INFO RETURNING 5
2023-08-28 23:27:28,713.xtra_p2.INFO CALLING sum_any_with_keywords({'a': 1, 'b': 2, 'c': 3})
2023-08-28 23:27:28,714.xtra_p2.INFO RETURNING 6
2023-08-28 23:27:28,717.xtra_p2.INFO All tests passed!
2023-08-28 23:27:28,718.xtra_p2.INFO Script complete. More info in the log file.
